1678050103714 GET /
1678050116378 GET /
1678050120179 GET /create
1678050125536 POST /create
1678050181058 GET /create
1678050186456 POST /create
1678050186487 GET /
1678050194091 GET /d94deab2-800c-4554-a4af-4cc046dcf478
1678050195174 GET /upload/d94deab2-800c-4554-a4af-4cc046dcf478?
1678050225205 GET /upload/d94deab2-800c-4554-a4af-4cc046dcf478?
1678050227847 GET /d94deab2-800c-4554-a4af-4cc046dcf478
1678050227884 GET /404
1678050227901 GET /404
1678050227918 GET /404
1678050227933 GET /404
1678050227957 GET /404
1678050227969 GET /404
1678050227986 GET /404
1678050227999 GET /404
1678050228018 GET /404
1678050228036 GET /404
1678050228048 GET /404
1678050228067 GET /404
1678050228079 GET /404
1678050228095 GET /404
1678050228106 GET /404
1678050228133 GET /404
1678050228148 GET /404
1678050228163 GET /404
1678050228217 GET /404
1678050229402 GET /404
1678050229430 GET /404
1678050229451 GET /404
1678050229462 GET /404
1678050229482 GET /404
1678050229496 GET /404
1678050229506 GET /404
1678050229531 GET /404
1678050229547 GET /404
1678050229556 GET /404
1678050229567 GET /404
1678050229589 GET /404
1678050229600 GET /404
1678050229613 GET /404
1678050229636 GET /404
1678050229646 GET /404
1678050229673 GET /404
1678050229689 GET /404
1678050229706 GET /404
1678050229726 GET /404
1678050231423 GET /
1678050232485 GET /create
1678050237362 POST /create
1678050237395 GET /
1678050240981 GET /96a146b6-cedd-4cb2-88ca-4c4cb740fb9c
1678050242323 GET /upload/96a146b6-cedd-4cb2-88ca-4c4cb740fb9c?
1678050256906 GET /upload/96a146b6-cedd-4cb2-88ca-4c4cb740fb9c?
1678050260235 GET /create
1678050266912 POST /create
1678050266942 GET /
1678050269371 GET /fcef8ce7-acb5-4dae-b04a-923d423119a7
1678050270335 GET /upload/fcef8ce7-acb5-4dae-b04a-923d423119a7?
1678050296297 GET /fcef8ce7-acb5-4dae-b04a-923d423119a7
1678050296357 GET /404
1678050296379 GET /404
1678050296397 GET /404
1678050296425 GET /404
1678050296440 GET /404
1678050296458 GET /404
1678050296472 GET /404
1678050296494 GET /404
1678050296507 GET /404
1678050296533 GET /404
1678050296548 GET /404
1678050296560 GET /404
1678050296579 GET /404
1678050296590 GET /404
1678050296605 GET /404
1678050296621 GET /404
1678050296634 GET /404
1678050296646 GET /404
1678050296664 GET /404
1678050297747 GET /404
1678050297759 GET /404
1678050297781 GET /404
1678050297792 GET /404
1678050297810 GET /404
1678050297828 GET /404
1678050297846 GET /404
1678050297892 GET /404
1678050297910 GET /404
1678050297940 GET /404
1678050297957 GET /404
1678050297979 GET /404
1678050297992 GET /404
1678050298006 GET /404
1678050298025 GET /404
1678050298038 GET /404
1678050299688 GET /update/96a146b6-cedd-4cb2-88ca-4c4cb740fb9c?
1678050299695 GET /404
1678050299707 GET /404
1678050299727 GET /404
1678050299748 GET /404
1678050299759 GET /404
1678050299780 GET /404
1678050299797 GET /404
1678050299807 GET /404
1678050299838 GET /404
1678050299893 GET /404
1678050299947 GET /404
1678050299958 GET /404
1678050299976 GET /404
1678050299986 GET /404
1678050300018 GET /404
1678050300059 GET /404
1678050300089 GET /404
1678050300105 GET /404
1678050300119 GET /404
1678050301196 GET /404
1678050301210 GET /404
1678050301246 GET /404
1678050301257 GET /404
1678050301272 GET /404
1678050301287 GET /404
1678050301301 GET /404
1678050301312 GET /404
1678050301322 GET /404
1678050301341 GET /404
1678050301356 GET /404
1678050301374 GET /404
1678050301385 GET /404
1678050301397 GET /404
1678050301409 GET /404
1678050301424 GET /404
1678050301434 GET /404
1678050301493 GET /404
1678050301535 GET /404
1678050301574 GET /404
1678050304152 GET /
1678050305014 GET /create
1678050312008 POST /create
1678050312042 GET /
1678050313409 GET /create
1678050317350 POST /create
1678050317360 GET /
1678050319777 GET /aacf88b9-6251-42c2-a14a-2c559e442733
1678050320845 GET /upload/aacf88b9-6251-42c2-a14a-2c559e442733?
1678050320855 GET /404
1678050320866 GET /404
1678050320895 GET /404
1678050320909 GET /404
1678050320928 GET /404
1678050320943 GET /404
1678050320962 GET /404
1678050320975 GET /404
1678050320989 GET /404
1678050321006 GET /404
1678050321017 GET /404
1678050321035 GET /404
1678050321045 GET /404
1678050321063 GET /404
1678050321074 GET /404
1678050321092 GET /404
1678050321104 GET /404
1678050321119 GET /404
1678050321136 GET /404
1678050322221 GET /404
1678050322234 GET /404
1678050322256 GET /404
1678050322321 GET /404
1678050322346 GET /404
1678050322358 GET /404
1678050322404 GET /404
1678050322416 GET /404
1678050322458 GET /404
1678050322470 GET /404
1678050322485 GET /404
1678050322502 GET /404
1678050322512 GET /404
1678050322535 GET /404
1678050322545 GET /404
1678050322571 GET /404
1678050322580 GET /404
1678050322612 GET /404
1678050322625 GET /404
1678050322645 GET /404
1678050479763 GET /aacf88b9-6251-42c2-a14a-2c559e442733
1678050479807 GET /404
1678050479821 GET /404
1678050479846 GET /404
1678050479858 GET /404
1678050479872 GET /404
1678050479894 GET /404
1678050479908 GET /404
1678050479925 GET /404
1678050479946 GET /404
1678050479962 GET /404
1678050479981 GET /404
1678050479997 GET /404
1678050480014 GET /404
1678050480043 GET /404
1678050480059 GET /404
1678050480100 GET /404
1678050480151 GET /404
1678050480193 GET /404
1678050480248 GET /404
1678050481341 GET /404
1678050481353 GET /404
1678050481373 GET /404
1678050481383 GET /404
1678050481400 GET /404
1678050481411 GET /404
1678050481433 GET /404
1678050481446 GET /404
1678050481475 GET /404
1678050481485 GET /404
1678050481498 GET /404
1678050481512 GET /404
1678050481526 GET /404
1678050481539 GET /404
1678050481563 GET /404
1678050481575 GET /404
1678050481590 GET /404
1678050481606 GET /404
1678050481618 GET /404
1678050481635 GET /404
1678050485273 POST /delete/3d79a813-aac6-4dc5-8815-2e397dbca50f
1678050485277 GET /delete/404
1678050491490 GET /create
1678050494901 POST /create
1678050494922 GET /
1678050496491 GET /e86c74c2-df8e-4673-8bbf-1f92d0bd9efd
1678050497670 GET /upload/e86c74c2-df8e-4673-8bbf-1f92d0bd9efd?
1678050497678 GET /404
1678050497696 GET /404
1678050497709 GET /404
1678050497723 GET /404
1678050497778 GET /404
1678050497850 GET /404
1678050497861 GET /404
1678050497873 GET /404
1678050497888 GET /404
1678050497920 GET /404
1678050497935 GET /404
1678050497948 GET /404
1678050497965 GET /404
1678050497975 GET /404
1678050497996 GET /404
1678050498017 GET /404
1678050498037 GET /404
1678050498049 GET /404
1678050498065 GET /404
1678050499143 GET /404
1678050499171 GET /404
1678050499190 GET /404
1678050499202 GET /404
1678050499237 GET /404
1678050499247 GET /404
1678050499270 GET /404
1678050499285 GET /404
1678050499302 GET /404
1678050499316 GET /404
1678050499334 GET /404
1678050499350 GET /404
1678050499361 GET /404
1678050499383 GET /404
1678050499399 GET /404
1678050499488 GET /404
1678050499525 GET /404
1678050499536 GET /404
1678050499558 GET /404
1678050499586 GET /404
1678050504632 GET /404
1678050504662 GET /404
1678050504681 GET /404
1678050504692 GET /404
1678050504716 GET /404
1678050504726 GET /404
1678050504745 GET /404
1678050504756 GET /404
1678050504773 GET /404
1678050504785 GET /404
1678050504804 GET /404
1678050504820 GET /404
1678050504836 GET /404
1678050504849 GET /404
1678050504859 GET /404
1678050504886 GET /404
1678050504896 GET /404
1678050504916 GET /404
1678050504931 GET /404
1678050504941 GET /404
1678050698949 GET /404
1678050699001 GET /404
1678050699022 GET /404
1678050699044 GET /404
1678050699062 GET /404
1678050699083 GET /404
1678050699096 GET /404
1678050699107 GET /404
1678050699130 GET /404
1678050699142 GET /404
1678050699157 GET /404
1678050699175 GET /404
1678050699186 GET /404
1678050699202 GET /404
1678050699219 GET /404
1678050699242 GET /404
1678050699254 GET /404
1678050699281 GET /404
1678050699293 GET /404
1678050699306 GET /404
1678050700294 GET /404
1678050700338 GET /404
1678050700352 GET /404
1678050700372 GET /404
1678050700385 GET /404
1678050700405 GET /404
1678050700422 GET /404
1678050700447 GET /404
1678050700458 GET /404
1678050700487 GET /404
1678050700501 GET /404
1678050700532 GET /404
1678050700542 GET /404
1678050700561 GET /404
1678050700574 GET /404
1678050700590 GET /404
1678050700606 GET /404
1678050700625 GET /404
1678050700640 GET /404
1678050700652 GET /404
1678050745826 GET /e86c74c2-df8e-4673-8bbf-1f92d0bd9efd
1678050745870 GET /404
1678050745888 GET /404
1678050745912 GET /404
1678050745931 GET /404
1678050745945 GET /404
1678050745965 GET /404
1678050745983 GET /404
1678050746008 GET /404
1678050746023 GET /404
1678050746043 GET /404
1678050746056 GET /404
1678050746078 GET /404
1678050746090 GET /404
1678050746102 GET /404
1678050746124 GET /404
1678050746136 GET /404
1678050746155 GET /404
1678050746166 GET /404
1678050746193 GET /404
1678050747297 GET /404
1678050747321 GET /404
1678050747347 GET /404
1678050747361 GET /404
1678050747383 GET /404
1678050747410 GET /404
1678050747425 GET /404
1678050747451 GET /404
1678050747467 GET /404
1678050747485 GET /404
1678050747496 GET /404
1678050747517 GET /404
1678050747533 GET /404
1678050747558 GET /404
1678050747568 GET /404
1678050747590 GET /404
1678050747607 GET /404
1678050747623 GET /404
1678050747643 GET /404
1678050747660 GET /404
1678050749632 POST /delete/e86c74c2-df8e-4673-8bbf-1f92d0bd9efd
1678050749637 GET /delete/404
1678050755021 POST /delete/e86c74c2-df8e-4673-8bbf-1f92d0bd9efd
1678050755031 GET /delete/404
1678050765029 POST /delete/e86c74c2-df8e-4673-8bbf-1f92d0bd9efd
1678050765043 GET /404
1678050765070 GET /404
1678050765097 GET /404
1678050765112 GET /404
1678050765128 GET /404
1678050765157 GET /404
1678050765169 GET /404
1678050765185 GET /404
1678050765202 GET /404
1678050765215 GET /404
1678050765267 GET /404
1678050765344 GET /404
1678050765356 GET /404
1678050765369 GET /404
1678050765387 GET /404
1678050765398 GET /404
1678050765435 GET /404
1678050765455 GET /404
1678050765466 GET /404
1678050766558 GET /404
1678050766591 GET /404
1678050766601 GET /404
1678050766618 GET /404
1678050766638 GET /404
1678050766649 GET /404
1678050766661 GET /404
1678050766677 GET /404
1678050766693 GET /404
1678050766713 GET /404
1678050766727 GET /404
1678050766741 GET /404
1678050766760 GET /404
1678050766770 GET /404
1678050766790 GET /404
1678050766800 GET /404
1678050766815 GET /404
1678050766826 GET /404
1678050766848 GET /404
1678050766860 GET /404
1678050821553 GET /
1678050822812 GET /
1678050823578 GET /create
1678050825516 POST /create
1678050825541 GET /
1678050826649 GET /97217313-a606-4a0b-88a7-b81efa855267
1678050828508 GET /upload/97217313-a606-4a0b-88a7-b81efa855267?
1678050828519 GET /404
1678050828529 GET /404
1678050828555 GET /404
1678050828566 GET /404
1678050828586 GET /404
1678050828598 GET /404
1678050828612 GET /404
1678050828632 GET /404
1678050828642 GET /404
1678050828661 GET /404
1678050828673 GET /404
1678050828684 GET /404
1678050828707 GET /404
1678050828718 GET /404
1678050828738 GET /404
1678050828753 GET /404
1678050828767 GET /404
1678050828779 GET /404
1678050828794 GET /404
1678050829917 GET /404
1678050829930 GET /404
1678050829957 GET /404
1678050829967 GET /404
1678050829991 GET /404
1678050830004 GET /404
1678050830020 GET /404
1678050830042 GET /404
1678050830071 GET /404
1678050830087 GET /404
1678050830101 GET /404
1678050830112 GET /404
1678050830131 GET /404
1678050830145 GET /404
1678050830158 GET /404
1678050830177 GET /404
1678050830191 GET /404
1678050830214 GET /404
1678050830224 GET /404
1678050830265 GET /404
1678050836068 GET /upload/97217313-a606-4a0b-88a7-b81efa855267?
1678050836077 GET /404
1678050836097 GET /404
1678050836109 GET /404
1678050836128 GET /404
1678050836141 GET /404
1678050836162 GET /404
1678050836174 GET /404
1678050836192 GET /404
1678050836216 GET /404
1678050836233 GET /404
1678050836243 GET /404
1678050836263 GET /404
1678050836276 GET /404
1678050836293 GET /404
1678050836304 GET /404
1678050836320 GET /404
1678050836337 GET /404
1678050836350 GET /404
1678050836364 GET /404
1678050837457 GET /404
1678050837473 GET /404
1678050837492 GET /404
1678050837504 GET /404
1678050837524 GET /404
1678050837549 GET /404
1678050837610 GET /404
1678050837672 GET /404
1678050837683 GET /404
1678050837722 GET /404
1678050837734 GET /404
1678050837750 GET /404
1678050837762 GET /404
1678050837776 GET /404
1678050837796 GET /404
1678050837808 GET /404
1678050837830 GET /404
1678050837852 GET /404
1678050837861 GET /404
1678050837885 GET /404
1678050909078 GET /upload/97217313-a606-4a0b-88a7-b81efa855267?
1678050909096 GET /404
1678050909127 GET /404
1678050909167 GET /404
1678050909180 GET /404
1678050909200 GET /404
1678050909220 GET /404
1678050909240 GET /404
1678050909252 GET /404
1678050909278 GET /404
1678050909290 GET /404
1678050909312 GET /404
1678050909340 GET /404
1678050909355 GET /404
1678050909366 GET /404
1678050909388 GET /404
1678050909401 GET /404
1678050909426 GET /404
1678050909438 GET /404
1678050909452 GET /404
1678050910548 GET /404
1678050910583 GET /404
1678050910612 GET /404
1678050910635 GET /404
1678050910655 GET /404
1678050910673 GET /404
1678050910690 GET /404
1678050910701 GET /404
1678050910719 GET /404
1678050910733 GET /404
1678050910759 GET /404
1678050910771 GET /404
1678050910786 GET /404
1678050910808 GET /404
1678050910826 GET /404
1678050910846 GET /404
1678050910864 GET /404
1678050910885 GET /404
1678050910904 GET /404
1678050910934 GET /404
1678050929458 POST /delete/97217313-a606-4a0b-88a7-b81efa855267
1678050929479 GET /404
1678050929508 GET /404
1678050929522 GET /404
1678050929545 GET /404
1678050929606 GET /404
1678050929655 GET /404
1678050929699 GET /404
1678050929711 GET /404
1678050929759 GET /404
1678050929774 GET /404
1678050929795 GET /404
1678050929806 GET /404
1678050929823 GET /404
1678050929834 GET /404
1678050929855 GET /404
1678050929867 GET /404
1678050929880 GET /404
1678050929903 GET /404
1678050929917 GET /404
1678050931024 GET /404
1678050931047 GET /404
1678050931068 GET /404
1678050931089 GET /404
1678050931108 GET /404
1678050931129 GET /404
1678050931146 GET /404
1678050931178 GET /404
1678050931302 GET /404
1678050931342 GET /404
1678050931361 GET /404
1678050931403 GET /404
1678050931429 GET /404
1678050931448 GET /404
1678050931467 GET /404
1678050931491 GET /404
1678050931506 GET /404
1678050931540 GET /404
1678050931551 GET /404
1678050931566 GET /404
1678050933307 GET /
1678050934683 GET /
1678050937488 GET /
1678050938519 GET /create
1678050940102 POST /create
1678050940125 GET /
1678050941491 GET /77b945b6-85ae-4fdf-a7a7-4e221cfc123d
1678050942379 GET /upload/77b945b6-85ae-4fdf-a7a7-4e221cfc123d?
1678050942392 GET /404
1678050942410 GET /404
1678050942423 GET /404
1678050942449 GET /404
1678050942469 GET /404
1678050942484 GET /404
1678050942501 GET /404
1678050942523 GET /404
1678050942540 GET /404
1678050942556 GET /404
1678050942579 GET /404
1678050942601 GET /404
1678050942624 GET /404
1678050942670 GET /404
1678050942718 GET /404
1678050942782 GET /404
1678050942795 GET /404
1678050942813 GET /404
1678050942838 GET /404
1678050943954 GET /404
1678050943966 GET /404
1678050943992 GET /404
1678050944012 GET /404
1678050944026 GET /404
1678050944055 GET /404
1678050944067 GET /404
1678050944084 GET /404
1678050944103 GET /404
1678050944120 GET /404
1678050944158 GET /404
1678050944177 GET /404
1678050944190 GET /404
1678050944216 GET /404
1678050944229 GET /404
1678050944252 GET /404
1678050944267 GET /404
1678050944283 GET /404
1678050944297 GET /404
1678050944316 GET /404
1678050949340 GET /404
1678050949357 GET /404
1678050949376 GET /404
1678050949388 GET /404
1678050949406 GET /404
1678050949427 GET /404
1678050949447 GET /404
1678050949470 GET /404
1678050949491 GET /404
1678050949506 GET /404
1678050949515 GET /404
1678050949535 GET /404
1678050949556 GET /404
1678050949569 GET /404
1678050949592 GET /404
1678050949612 GET /404
1678050949645 GET /404
1678050949682 GET /404
1678050949786 GET /404
1678050949818 GET /404
1678051170305 GET /dsad
1678051170360 GET /404
1678051170395 GET /404
1678051170416 GET /404
1678051170439 GET /404
1678051170454 GET /404
1678051170474 GET /404
1678051170497 GET /404
1678051170511 GET /404
1678051170527 GET /404
1678051170612 GET /404
1678051170647 GET /404
1678051170687 GET /404
1678051170708 GET /404
1678051170723 GET /404
1678051170754 GET /404
1678051170783 GET /404
1678051170804 GET /404
1678051170823 GET /404
1678051170849 GET /404
1678051171900 GET /404
1678051171940 GET /404
1678051171958 GET /404
1678051171987 GET /404
1678051172000 GET /404
1678051172031 GET /404
1678051172044 GET /404
1678051172075 GET /404
1678051172090 GET /404
1678051172123 GET /404
1678051172155 GET /404
1678051172176 GET /404
1678051172191 GET /404
1678051172209 GET /404
1678051172236 GET /404
1678051172249 GET /404
1678051172269 GET /404
1678051172285 GET /404
1678051172306 GET /404
1678051172374 GET /404
1678051202822 GET /
1678051203608 GET /
1678051205286 GET /create
1678051207257 POST /create
1678051207275 GET /
1678051209132 GET /c7c3689f-f99f-4708-a917-b0094050b824
1678051216556 GET /create
1678051219143 POST /create
1678051219153 GET /
1678051257016 GET /
1678051259912 GET /create
1678051264179 POST /create
1678051264202 GET /
1678051266479 GET /update/ce461993-2e27-4590-8042-601ec4e850a1?
1678051269011 POST /update/ce461993-2e27-4590-8042-601ec4e850a1?
1678051271672 GET /
1678051273492 GET /ce461993-2e27-4590-8042-601ec4e850a1
1678051275701 POST /delete/ce461993-2e27-4590-8042-601ec4e850a1
1678051275711 GET /
1678051277080 GET /create
1678051278228 POST /create
1678051278241 GET /
1678051279386 GET /d036b63d-557d-482f-bc90-e775cc666604
1678051280953 POST /delete/d036b63d-557d-482f-bc90-e775cc666604
1678051280962 GET /
1678051283219 GET /create
1678051284120 POST /create
1678051284131 GET /
1678051285504 GET /b98455ad-768e-4b65-96a0-2286980ff56f
1678051286717 GET /upload/b98455ad-768e-4b65-96a0-2286980ff56f?
1678051286726 GET /404
1678051286743 GET /404
1678051286777 GET /404
1678051286790 GET /404
1678051286810 GET /404
1678051286824 GET /404
1678051286848 GET /404
1678051286861 GET /404
1678051286881 GET /404
1678051286902 GET /404
1678051286914 GET /404
1678051286933 GET /404
1678051286946 GET /404
1678051286994 GET /404
1678051287040 GET /404
1678051287078 GET /404
1678051287150 GET /404
1678051287200 GET /404
1678051287276 GET /404
1678051288391 GET /404
1678051288405 GET /404
1678051288430 GET /404
1678051288458 GET /404
1678051288473 GET /404
1678051288497 GET /404
1678051288512 GET /404
1678051288539 GET /404
1678051288550 GET /404
1678051288585 GET /404
1678051288599 GET /404
1678051288619 GET /404
1678051288638 GET /404
1678051288648 GET /404
1678051288680 GET /404
1678051288699 GET /404
1678051288723 GET /404
1678051288732 GET /404
1678051288783 GET /404
1678051288812 GET /404
1678051293856 GET /404
1678051293868 GET /404
1678051293902 GET /404
1678051293924 GET /404
1678051293946 GET /404
1678051293962 GET /404
1678051293975 GET /404
1678051293992 GET /404
1678051294004 GET /404
1678051294020 GET /404
1678051294041 GET /404
1678051294059 GET /404
1678051294081 GET /404
1678051294093 GET /404
1678051294114 GET /404
1678051294126 GET /404
1678051294155 GET /404
1678051294204 GET /404
1678051294232 GET /404
1678051294316 GET /404
1678051389254 GET /
1678051446672 GET /
1678051447590 GET /create
1678051449151 POST /create
1678051449171 GET /
1678051450820 GET /fd37ad5a-38f7-4f1c-a5cb-1fe4935093cd
1678051452756 GET /upload/fd37ad5a-38f7-4f1c-a5cb-1fe4935093cd?
1678051455900 GET /
